<?xml version="1.0" encoding="UTF-8"?>
<!-- Generated by org.testng.reporters.JUnitXMLReporter -->
<testsuite ignored="0" hostname="ARSU_2831" failures="0" tests="6" name="Test" time="13.253" errors="0" timestamp="2024-11-16T10:25:39 IST">
  <testcase classname="tes.Testngclass1" name="test01" time="0.006"/>
  <testcase classname="tes.Testngclass1" name="test02" time="0.012"/>
  <testcase classname="tes.Testngclass1" name="test01" time="0.002"/>
  <testcase classname="tes.Testngclass1" name="initBrowser" time="1.807"/>
  <testcase classname="tes.test1" name="test01" time="3.891"/>
  <testcase classname="tes.test1" name="test02" time="13.194"/>
</testsuite> <!-- Test -->
