<?xml version="1.0" encoding="UTF-8"?>
<!-- Generated by org.testng.reporters.JUnitXMLReporter -->
<testsuite ignored="0" hostname="ARSU_2831" failures="0" tests="5" name="Test" time="0.062" errors="0" timestamp="2024-11-10T16:16:10 IST">
  <testcase classname="tes.Testngclass1" name="test01" time="0.002"/>
  <testcase classname="tes.Testngclass1" name="test01" time="0.001"/>
  <testcase classname="tes.Testngclass1" name="test02" time="0.01"/>
  <testcase classname="tes.Testngdata2" name="test1" time="0.001"/>
  <testcase classname="tes.TestngClass3" name="test02" time="0.001"/>
</testsuite> <!-- Test -->
