<?xml version="1.0" encoding="UTF-8"?>
<!-- Generated by org.testng.reporters.JUnitXMLReporter -->
<testsuite ignored="1" hostname="ARSU_2831" failures="1" tests="1" name="Test(failed)" time="0.074" errors="0" timestamp="2024-11-10T11:03:37 IST">
  <testcase classname="tes.Testngclass1" name="test02" time="0.017">
    <failure type="java.lang.AssertionError" message="expected [true] but found [false]">
      <![CDATA[java.lang.AssertionError: expected [true] but found [false]
at tes.Testngclass1.test02(Testngclass1.java:24)
at java.base/java.util.ArrayList.forEach(ArrayList.java:1596)
... Removed 32 stack frames]]>
    </failure>
  </testcase> <!-- test02 -->
  <testcase classname="tes.Testngclass1" name="test01" time="0.0">
    <ignored/>
  </testcase> <!-- test01 -->
</testsuite> <!-- Test(failed) -->
