<?xml version="1.0" encoding="UTF-8"?>
<testng-results ignored="0" total="5" passed="5" failed="0" skipped="0">
  <reporter-output>
  </reporter-output>
  <suite started-at="2024-11-10T16:16:10 IST" name="Suite" finished-at="2024-11-10T16:16:10 IST" duration-ms="62">
    <groups>
      <group name="smoke">
        <method signature="TestngClass3.test02()[pri:0, instance:tes.TestngClass3@34a3d150]" name="test02" class="tes.TestngClass3"/>
      </group> <!-- smoke -->
    </groups>
    <test started-at="2024-11-10T16:16:10 IST" name="Test" finished-at="2024-11-10T16:16:10 IST" duration-ms="62">
      <class name="tes.TestngClass3">
        <test-method is-config="true" signature="testsuite()[pri:0, instance:tes.TestngClass3@34a3d150]" started-at="2024-11-10T16:16:10 IST" name="testsuite" finished-at="2024-11-10T16:16:10 IST" duration-ms="10" status="PASS">
          <reporter-output>
          </reporter-output>
        </test-method> <!-- testsuite -->
        <test-method is-config="true" signature="test()[pri:0, instance:tes.TestngClass3@34a3d150]" started-at="2024-11-10T16:16:10 IST" name="test" finished-at="2024-11-10T16:16:10 IST" duration-ms="0" status="PASS">
          <reporter-output>
          </reporter-output>
        </test-method> <!-- test -->
        <test-method is-config="true" signature="testclass()[pri:0, instance:tes.TestngClass3@34a3d150]" started-at="2024-11-10T16:16:10 IST" name="testclass" finished-at="2024-11-10T16:16:10 IST" duration-ms="1" status="PASS">
          <reporter-output>
          </reporter-output>
        </test-method> <!-- testclass -->
        <test-method is-config="true" signature="testMethod()[pri:0, instance:tes.TestngClass3@34a3d150]" started-at="2024-11-10T16:16:10 IST" name="testMethod" finished-at="2024-11-10T16:16:10 IST" duration-ms="1" status="PASS">
          <reporter-output>
          </reporter-output>
        </test-method> <!-- testMethod -->
        <test-method signature="test02()[pri:0, instance:tes.TestngClass3@34a3d150]" started-at="2024-11-10T16:16:10 IST" name="test02" finished-at="2024-11-10T16:16:10 IST" duration-ms="1" status="PASS">
          <reporter-output>
          </reporter-output>
        </test-method> <!-- test02 -->
      </class> <!-- tes.TestngClass3 -->
      <class name="tes.Testngclass1">
        <test-method is-config="true" signature="testMethod()[pri:0, instance:tes.Testngclass1@79e2c065]" started-at="2024-11-10T16:16:10 IST" name="testMethod" finished-at="2024-11-10T16:16:10 IST" duration-ms="0" status="PASS">
          <reporter-output>
          </reporter-output>
        </test-method> <!-- testMethod -->
        <test-method signature="test01(java.lang.String)[pri:0, instance:tes.Testngclass1@79e2c065]" started-at="2024-11-10T16:16:10 IST" name="test01" data-provider="testData" finished-at="2024-11-10T16:16:10 IST" duration-ms="2" status="PASS">
          <params>
            <param index="0">
              <value>
                <![CDATA[Dhoni]]>
              </value>
            </param>
          </params>
          <reporter-output>
          </reporter-output>
        </test-method> <!-- test01 -->
        <test-method is-config="true" signature="testMethod()[pri:0, instance:tes.Testngclass1@79e2c065]" started-at="2024-11-10T16:16:10 IST" name="testMethod" finished-at="2024-11-10T16:16:10 IST" duration-ms="1" status="PASS">
          <reporter-output>
          </reporter-output>
        </test-method> <!-- testMethod -->
        <test-method signature="test01(java.lang.String)[pri:0, instance:tes.Testngclass1@79e2c065]" started-at="2024-11-10T16:16:10 IST" name="test01" data-provider="testData" finished-at="2024-11-10T16:16:10 IST" duration-ms="1" status="PASS">
          <params>
            <param index="0">
              <value>
                <![CDATA[CSK]]>
              </value>
            </param>
          </params>
          <reporter-output>
          </reporter-output>
        </test-method> <!-- test01 -->
        <test-method is-config="true" signature="testMethod()[pri:0, instance:tes.Testngclass1@79e2c065]" started-at="2024-11-10T16:16:10 IST" name="testMethod" finished-at="2024-11-10T16:16:10 IST" duration-ms="2" status="PASS">
          <reporter-output>
          </reporter-output>
        </test-method> <!-- testMethod -->
        <test-method signature="test02(int)[pri:0, instance:tes.Testngclass1@79e2c065]" started-at="2024-11-10T16:16:10 IST" name="test02" data-provider="testDataArray" finished-at="2024-11-10T16:16:10 IST" duration-ms="10" status="PASS">
          <params>
            <param index="0">
              <value>
                <![CDATA[23]]>
              </value>
            </param>
          </params>
          <reporter-output>
          </reporter-output>
        </test-method> <!-- test02 -->
      </class> <!-- tes.Testngclass1 -->
      <class name="tes.Testngdata2">
        <test-method signature="test1(java.lang.String)[pri:0, instance:tes.Testngdata2@313ac989]" started-at="2024-11-10T16:16:10 IST" name="test1" finished-at="2024-11-10T16:16:10 IST" duration-ms="1" status="PASS">
          <params>
            <param index="0">
              <value>
                <![CDATA[https://www.espncricinfo.com]]>
              </value>
            </param>
          </params>
          <reporter-output>
          </reporter-output>
        </test-method> <!-- test1 -->
      </class> <!-- tes.Testngdata2 -->
    </test> <!-- Test -->
  </suite> <!-- Suite -->
</testng-results>
